<?xml version="1.0" encoding="UTF-8"?>
<robot generator="Robot 4.1.3 (Python 3.10.2 on win32)" generated="20220210 14:11:33.426" rpa="false" schemaversion="2">
<suite id="s1" name="Nascom Membership" source="C:\Users\parve\PycharmProjects\robot\selenium_suite\nascom_membership.robot">
<test id="s1-t1" name="TC1">
<kw name="Open Browser" library="SeleniumLibrary">
<arg>browser=edge</arg>
<arg>executable_path=${EXECDIR}/driver/msedgedriver</arg>
<doc>Opens a new browser instance to the optional ``url``.</doc>
<msg timestamp="20220210 14:11:33.833" level="INFO">Opening browser 'edge' to base url 'None'.</msg>
<status status="PASS" starttime="20220210 14:11:33.833" endtime="20220210 14:11:35.434"/>
</kw>
<kw name="Maximize Browser Window" library="SeleniumLibrary">
<doc>Maximizes current browser window.</doc>
<status status="PASS" starttime="20220210 14:11:35.437" endtime="20220210 14:11:35.645"/>
</kw>
<kw name="Set Selenium Implicit Wait" library="SeleniumLibrary">
<arg>30s</arg>
<doc>Sets the implicit wait value used by Selenium.</doc>
<status status="PASS" starttime="20220210 14:11:35.645" endtime="20220210 14:11:35.650"/>
</kw>
<kw name="Go To" library="SeleniumLibrary">
<arg>url=https://nasscom.in/nasscom-membership</arg>
<doc>Navigates the current browser window to the provided ``url``.</doc>
<msg timestamp="20220210 14:11:35.650" level="INFO">Opening url 'https://nasscom.in/nasscom-membership'</msg>
<status status="PASS" starttime="20220210 14:11:35.650" endtime="20220210 14:11:39.438"/>
</kw>
<kw name="Click Element" library="SeleniumLibrary">
<arg>xpath=/html/body/div[4]/div[1]/form/div/div/div/div[1]/div/div/div[2]/label</arg>
<doc>Click the element identified by ``locator``.</doc>
<msg timestamp="20220210 14:11:39.439" level="INFO">Clicking element 'xpath=/html/body/div[4]/div[1]/form/div/div/div/div[1]/div/div/div[2]/label'.</msg>
<status status="PASS" starttime="20220210 14:11:39.438" endtime="20220210 14:11:39.546"/>
</kw>
<kw name="Click Element" library="SeleniumLibrary">
<arg>xpath=/html/body/div[4]/div[1]/form/div/div/div/div[2]/div[2]/div/div/div[1]/label</arg>
<doc>Click the element identified by ``locator``.</doc>
<msg timestamp="20220210 14:11:39.548" level="INFO">Clicking element 'xpath=/html/body/div[4]/div[1]/form/div/div/div/div[2]/div[2]/div/div/div[1]/label'.</msg>
<status status="PASS" starttime="20220210 14:11:39.547" endtime="20220210 14:11:39.817"/>
</kw>
<kw name="Click Element" library="SeleniumLibrary">
<arg>xpath=/html/body/div[4]/div[1]/form/div/div/div/div[2]/div[2]/div/div/div[9]/label</arg>
<doc>Click the element identified by ``locator``.</doc>
<msg timestamp="20220210 14:11:39.824" level="INFO">Clicking element 'xpath=/html/body/div[4]/div[1]/form/div/div/div/div[2]/div[2]/div/div/div[9]/label'.</msg>
<status status="PASS" starttime="20220210 14:11:39.820" endtime="20220210 14:11:39.996"/>
</kw>
<kw name="Click Element" library="SeleniumLibrary">
<arg>id=edit-submitted-contact-person-for-nasscom-email-id-cp</arg>
<doc>Click the element identified by ``locator``.</doc>
<msg timestamp="20220210 14:11:39.998" level="INFO">Clicking element 'id=edit-submitted-contact-person-for-nasscom-email-id-cp'.</msg>
<status status="PASS" starttime="20220210 14:11:39.997" endtime="20220210 14:11:40.091"/>
</kw>
<kw name="Sleep" library="BuiltIn">
<arg>2s</arg>
<doc>Pauses the test executed for the given time.</doc>
<msg timestamp="20220210 14:11:42.097" level="INFO">Slept 2 seconds</msg>
<status status="PASS" starttime="20220210 14:11:40.094" endtime="20220210 14:11:42.097"/>
</kw>
<kw name="Handle Alert" library="SeleniumLibrary">
<var>${alert_text}</var>
<arg>action=ACCEPT</arg>
<doc>Handles the current alert and returns its message.</doc>
<msg timestamp="20220210 14:11:42.099" level="INFO">HANDLE::&lt;class 'NoneType'&gt;::None</msg>
<msg timestamp="20220210 14:11:42.105" level="INFO">${alert_text} = Please enter amount in digit and greater than zero.</msg>
<status status="PASS" starttime="20220210 14:11:42.099" endtime="20220210 14:11:42.105"/>
</kw>
<kw name="Log To Console" library="BuiltIn">
<arg>${alert_text}</arg>
<doc>Logs the given message to the console.</doc>
<status status="PASS" starttime="20220210 14:11:42.106" endtime="20220210 14:11:42.106"/>
</kw>
<status status="PASS" starttime="20220210 14:11:33.833" endtime="20220210 14:11:42.107"/>
</test>
<status status="PASS" starttime="20220210 14:11:33.426" endtime="20220210 14:11:42.109"/>
</suite>
<statistics>
<total>
<stat pass="1" fail="0" skip="0">All Tests</stat>
</total>
<tag>
</tag>
<suite>
<stat pass="1" fail="0" skip="0" id="s1" name="Nascom Membership">Nascom Membership</stat>
</suite>
</statistics>
<errors>
</errors>
</robot>
